<?xml version="1.0" encoding="UTF-8"?>
<!-- Generated by org.testng.reporters.JUnitXMLReporter -->
<testsuite hostname="aspire665" name="Default test" tests="1" failures="0" timestamp="23 Nov 2015 07:31:30 GMT" time="0.032" errors="0">
  <testcase name="@BeforeMethod genericSetUp" time="0.0" classname="tests.login.LoginTest">
    <failure type="org.testng.TestNGException" message="
Parameter &amp;apos;webSite&amp;apos; is required by @Configuration on method genericSetUp but has not been marked @Optional or defined
in C:\Users\vasanth.manickam\AppData\Local\Temp\testng-eclipse--278272282\testng-customsuite.xml">
      <![CDATA[org.testng.TestNGException: 
Parameter 'webSite' is required by @Configuration on method genericSetUp but has not been marked @Optional or defined
in C:\Users\vasanth.manickam\AppData\Local\Temp\testng-eclipse--278272282\testng-customsuite.xml
	at org.testng.internal.Parameters.createParameters(Parameters.java:155)
	at org.testng.internal.Parameters.createParameters(Parameters.java:358)
	at org.testng.internal.Parameters.createConfigurationParameters(Parameters.java:86)
	at org.testng.internal.Invoker.invokeConfigurations(Invoker.java:199)
	at org.testng.internal.Invoker.invokeMethod(Invoker.java:653)
	at org.testng.internal.Invoker.invokeTestMethod(Invoker.java:901)
	at org.testng.internal.Invoker.invokeTestMethods(Invoker.java:1231)
	at org.testng.internal.TestMethodWorker.invokeTestMethods(TestMethodWorker.java:127)
	at org.testng.internal.TestMethodWorker.run(TestMethodWorker.java:111)
	at org.testng.TestRunner.privateRun(TestRunner.java:767)
	at org.testng.TestRunner.run(TestRunner.java:617)
	at org.testng.SuiteRunner.runTest(SuiteRunner.java:334)
	at org.testng.SuiteRunner.runSequentially(SuiteRunner.java:329)
	at org.testng.SuiteRunner.privateRun(SuiteRunner.java:291)
	at org.testng.SuiteRunner.run(SuiteRunner.java:240)
	at org.testng.SuiteRunnerWorker.runSuite(SuiteRunnerWorker.java:52)
	at org.testng.SuiteRunnerWorker.run(SuiteRunnerWorker.java:86)
	at org.testng.TestNG.runSuitesSequentially(TestNG.java:1224)
	at org.testng.TestNG.runSuitesLocally(TestNG.java:1149)
	at org.testng.TestNG.run(TestNG.java:1057)
	at org.testng.remote.RemoteTestNG.run(RemoteTestNG.java:111)
	at org.testng.remote.RemoteTestNG.initAndRun(RemoteTestNG.java:204)
	at org.testng.remote.RemoteTestNG.main(RemoteTestNG.java:175)
]]>
    </failure>
  </testcase> <!-- @BeforeMethod genericSetUp -->
  <testcase name="@AfterMethod tearDown" time="0.0" classname="tests.login.LoginTest">
    <failure type="org.testng.TestNGException" message="
Parameter &amp;apos;seleniumHost&amp;apos; is required by @Configuration on method tearDown but has not been marked @Optional or defined
in C:\Users\vasanth.manickam\AppData\Local\Temp\testng-eclipse--278272282\testng-customsuite.xml">
      <![CDATA[org.testng.TestNGException: 
Parameter 'seleniumHost' is required by @Configuration on method tearDown but has not been marked @Optional or defined
in C:\Users\vasanth.manickam\AppData\Local\Temp\testng-eclipse--278272282\testng-customsuite.xml
	at org.testng.internal.Parameters.createParameters(Parameters.java:155)
	at org.testng.internal.Parameters.createParameters(Parameters.java:358)
	at org.testng.internal.Parameters.createConfigurationParameters(Parameters.java:86)
	at org.testng.internal.Invoker.invokeConfigurations(Invoker.java:199)
	at org.testng.internal.Invoker.invokeMethod(Invoker.java:786)
	at org.testng.internal.Invoker.invokeTestMethod(Invoker.java:901)
	at org.testng.internal.Invoker.invokeTestMethods(Invoker.java:1231)
	at org.testng.internal.TestMethodWorker.invokeTestMethods(TestMethodWorker.java:127)
	at org.testng.internal.TestMethodWorker.run(TestMethodWorker.java:111)
	at org.testng.TestRunner.privateRun(TestRunner.java:767)
	at org.testng.TestRunner.run(TestRunner.java:617)
	at org.testng.SuiteRunner.runTest(SuiteRunner.java:334)
	at org.testng.SuiteRunner.runSequentially(SuiteRunner.java:329)
	at org.testng.SuiteRunner.privateRun(SuiteRunner.java:291)
	at org.testng.SuiteRunner.run(SuiteRunner.java:240)
	at org.testng.SuiteRunnerWorker.runSuite(SuiteRunnerWorker.java:52)
	at org.testng.SuiteRunnerWorker.run(SuiteRunnerWorker.java:86)
	at org.testng.TestNG.runSuitesSequentially(TestNG.java:1224)
	at org.testng.TestNG.runSuitesLocally(TestNG.java:1149)
	at org.testng.TestNG.run(TestNG.java:1057)
	at org.testng.remote.RemoteTestNG.run(RemoteTestNG.java:111)
	at org.testng.remote.RemoteTestNG.initAndRun(RemoteTestNG.java:204)
	at org.testng.remote.RemoteTestNG.main(RemoteTestNG.java:175)
]]>
    </failure>
  </testcase> <!-- @AfterMethod tearDown -->
  <testcase name="loginTest" time="0.007" classname="tests.login.LoginTest">
    <skipped/>
  </testcase> <!-- loginTest -->
</testsuite> <!-- Default test -->
