<?xml version="1.0" encoding="UTF-8"?>
<testng-results skipped="0" failed="0" total="1" passed="1">
  <reporter-output>
  </reporter-output>
  <suite name="Default suite" duration-ms="61743" started-at="2015-06-09T08:44:49Z" finished-at="2015-06-09T08:45:51Z">
    <groups>
      <group name="Login">
        <method signature="LoginTest.loginTest()[pri:0, instance:com.projectname.test.functional.login.LoginTest@1a2d1c9]" name="loginTest" class="com.projectname.test.functional.login.LoginTest"/>
      </group> <!-- Login -->
      <group name="Regression">
        <method signature="LoginTest.loginTest()[pri:0, instance:com.projectname.test.functional.login.LoginTest@1a2d1c9]" name="loginTest" class="com.projectname.test.functional.login.LoginTest"/>
      </group> <!-- Regression -->
    </groups>
    <test name="Default test" duration-ms="61743" started-at="2015-06-09T08:44:49Z" finished-at="2015-06-09T08:45:51Z">
      <class name="com.projectname.test.functional.login.LoginTest">
        <test-method status="PASS" signature="genericSetUp()[pri:0, instance:com.projectname.test.functional.login.LoginTest@1a2d1c9]" name="genericSetUp" is-config="true" duration-ms="23969" started-at="2015-06-09T14:14:49Z" finished-at="2015-06-09T14:15:13Z">
          <reporter-output>
          </reporter-output>
        </test-method> <!-- genericSetUp -->
        <test-method status="PASS" signature="loginTest()[pri:0, instance:com.projectname.test.functional.login.LoginTest@1a2d1c9]" name="loginTest" duration-ms="30083" started-at="2015-06-09T14:15:13Z" finished-at="2015-06-09T14:15:44Z">
          <reporter-output>
          </reporter-output>
        </test-method> <!-- loginTest -->
        <test-method status="PASS" signature="tearDown(org.testng.ITestResult)[pri:0, instance:com.projectname.test.functional.login.LoginTest@1a2d1c9]" name="tearDown" is-config="true" duration-ms="7671" started-at="2015-06-09T14:15:44Z" finished-at="2015-06-09T14:15:51Z">
          <params>
            <param index="0">
              <value>
                <![CDATA[[TestResult name=loginTest status=SUCCESS method=LoginTest.loginTest()[pri:0, instance:com.projectname.test.functional.login.LoginTest@1a2d1c9] output={null}]]]>
              </value>
            </param>
          </params>
          <reporter-output>
          </reporter-output>
        </test-method> <!-- tearDown -->
      </class> <!-- com.projectname.test.functional.login.LoginTest -->
    </test> <!-- Default test -->
  </suite> <!-- Default suite -->
</testng-results>
